#
# A fatal error has been detected by the Java Runtime Environment:
#
#  EXCEPTION_ACCESS_VIOLATION (0xc0000005) at pc=0x0000000076d7b81a, pid=44240, tid=0x000000000000aebc
#
# JRE version: Java(TM) SE Runtime Environment (8.0_162-b12) (build 1.8.0_162-b12)
# Java VM: Java HotSpot(TM) 64-Bit Server VM (25.162-b12 mixed mode windows-amd64 compressed oops)
# Problematic frame:
# V  [jvm.dll+0x13b81a]
#
# Failed to write core dump. Minidumps are not enabled by default on client versions of Windows
#
# If you would like to submit a bug report, please visit:
#   http://bugreport.java.com/bugreport/crash.jsp
#

---------------  T H R E A D  ---------------

Current thread (0x000000001e781800):  JavaThread "pool-1-thread-1" daemon [_thread_in_vm, id=44732, stack(0x0000000021ae0000,0x0000000021be0000)]

siginfo: ExceptionCode=0xc0000005, reading address 0x0000000000000000

Registers:
RAX=0x0000000000000003, RBX=0x0000000000000000, RCX=0x0000000000000000, RDX=0x0000000000000000
RSP=0x0000000021bde650, RBP=0x0000000021bde749, RSI=0x000000001c314d00, RDI=0x000000001f9d4540
R8 =0x000000000000000c, R9 =0x0000000076c40000, R10=0x000000001f9d4540, R11=0x0000000076c40000
R12=0x000000000000000c, R13=0x000000000000000c, R14=0x000000001c314c50, R15=0x0000000000000003
RIP=0x0000000076d7b81a, EFLAGS=0x0000000000010206

Top of Stack: (sp=0x0000000021bde650)
0x0000000021bde650:   0000000002cdeb10 000000001c314cc0
0x0000000021bde660:   0000000000000009 0000000077455010
0x0000000021bde670:   000000001f9d4540 0000000076d35e98
0x0000000021bde680:   0000000000000000 000000001c314cf8
0x0000000021bde690:   0000000000000000 0000000000000020
0x0000000021bde6a0:   0000000000000008 0000000076d37271
0x0000000021bde6b0:   000000001e83b6c4 0000000076e5e85a
0x0000000021bde6c0:   0000000000000020 0000000000000020
0x0000000021bde6d0:   000000001e847f10 0000000000000000
0x0000000021bde6e0:   0000000000000000 0000000077455010
0x0000000021bde6f0:   000000000000001c 0000000000000057
0x0000000021bde700:   000000001f9d4540 0000000076cb649a
0x0000000021bde710:   0000000000000020 0000000000000020
0x0000000021bde720:   0000000000000057 0000000000000800
0x0000000021bde730:   0000000000000016 0000000050350003
0x0000000021bde740:   0000000002cdf560 0000000076cb6748 

Instructions: (pc=0x0000000076d7b81a)
0x0000000076d7b7fa:   ff ca 88 41 ff 75 ef 43 c6 04 10 00 49 8b c2 c3
0x0000000076d7b80a:   cc cc cc cc cc cc 48 89 5c 24 08 57 48 83 ec 20
0x0000000076d7b81a:   0f b7 39 48 8b d9 33 d2 ff c7 48 63 cf e8 74 14
0x0000000076d7b82a:   fb ff 4c 8b d8 85 ff 7e 45 44 0f b7 03 8d 57 ff 


Register to memory mapping:

RAX=0x0000000000000003 is an unknown value
RBX=0x0000000000000000 is an unknown value
RCX=0x0000000000000000 is an unknown value
RDX=0x0000000000000000 is an unknown value
RSP=0x0000000021bde650 is pointing into the stack for thread: 0x000000001e781800
RBP=0x0000000021bde749 is pointing into the stack for thread: 0x000000001e781800
RSI=0x000000001c314d00 is pointing into metadata
RDI=0x000000001f9d4540 is an unknown value
R8 =0x000000000000000c is an unknown value
R9 =0x0000000076c40000 is an unknown value
R10=0x000000001f9d4540 is an unknown value
R11=0x0000000076c40000 is an unknown value
R12=0x000000000000000c is an unknown value
R13=0x000000000000000c is an unknown value
R14=0x000000001c314c50 is pointing into metadata
R15=0x0000000000000003 is an unknown value


Stack: [0x0000000021ae0000,0x0000000021be0000],  sp=0x0000000021bde650,  free space=1017k
Native frames: (J=compiled Java code, j=interpreted, Vv=VM code, C=native code)
V  [jvm.dll+0x13b81a]
V  [jvm.dll+0xf5e98]
V  [jvm.dll+0xf7271]
V  [jvm.dll+0x19f3b2]
V  [jvm.dll+0x1a2e73]
V  [jvm.dll+0x1aa10d]
V  [jvm.dll+0x34b2f1]
C  [instrument.dll+0x39fa]
C  0x0000000002da8c67

Java frames: (J=compiled Java code, j=interpreted, Vv=VM code)
j  sun.instrument.InstrumentationImpl.retransformClasses0(J[Ljava/lang/Class;)V+0
j  sun.instrument.InstrumentationImpl.retransformClasses([Ljava/lang/Class;)V+23
j  com.sun.btrace.agent.Client.retransformLoaded()V+280
j  com.sun.btrace.agent.Main$3.run()V+37
j  java.util.concurrent.Executors$RunnableAdapter.call()Ljava/lang/Object;+4
j  java.util.concurrent.FutureTask.run()V+42
j  java.util.concurrent.ThreadPoolExecutor.runWorker(Ljava/util/concurrent/ThreadPoolExecutor$Worker;)V+95
j  java.util.concurrent.ThreadPoolExecutor$Worker.run()V+5
j  java.lang.Thread.run()V+11
v  ~StubRoutines::call_stub

---------------  P R O C E S S  ---------------

Java Threads: ( => current thread )
  0x000000001e782000 JavaThread "Thread-8" daemon [_thread_in_native, id=48576, stack(0x00000000224e0000,0x00000000225e0000)]
  0x000000001e784800 JavaThread "Thread-6" daemon [_thread_blocked, id=53200, stack(0x00000000223e0000,0x00000000224e0000)]
=>0x000000001e781800 JavaThread "pool-1-thread-1" daemon [_thread_in_vm, id=44732, stack(0x0000000021ae0000,0x0000000021be0000)]
  0x000000001f9fd800 JavaThread "Thread-2" daemon [_thread_blocked, id=52324, stack(0x00000000217e0000,0x00000000218e0000)]
  0x000000001f857000 JavaThread "RMI TCP Connection(3)-192.168.30.11" daemon [_thread_blocked, id=53088, stack(0x0000000020610000,0x0000000020710000)]
  0x000000001f856800 JavaThread "RMI TCP Connection(2)-192.168.30.11" daemon [_thread_in_native, id=52880, stack(0x0000000020510000,0x0000000020610000)]
  0x000000001f70d800 JavaThread "JMX server connection timeout 15" daemon [_thread_blocked, id=52864, stack(0x0000000020010000,0x0000000020110000)]
  0x000000001f6c3000 JavaThread "RMI Scheduler(0)" daemon [_thread_blocked, id=52860, stack(0x000000001ff10000,0x0000000020010000)]
  0x000000001f6b9800 JavaThread "RMI TCP Connection(1)-192.168.30.11" daemon [_thread_in_native, id=52856, stack(0x000000001fe10000,0x000000001ff10000)]
  0x000000001f690800 JavaThread "RMI TCP Accept-0" daemon [_thread_in_native, id=52844, stack(0x000000001fc00000,0x000000001fd00000)]
  0x000000001e81f800 JavaThread "Service Thread" daemon [_thread_blocked, id=52632, stack(0x000000001f1e0000,0x000000001f2e0000)]
  0x000000001e783000 JavaThread "C1 CompilerThread3" daemon [_thread_blocked, id=53144, stack(0x000000001f0e0000,0x000000001f1e0000)]
  0x000000001e778000 JavaThread "C2 CompilerThread2" daemon [_thread_blocked, id=53140, stack(0x000000001efe0000,0x000000001f0e0000)]
  0x000000001e774000 JavaThread "C2 CompilerThread1" daemon [_thread_blocked, id=49992, stack(0x000000001eee0000,0x000000001efe0000)]
  0x000000001e771000 JavaThread "C2 CompilerThread0" daemon [_thread_blocked, id=49484, stack(0x000000001ede0000,0x000000001eee0000)]
  0x000000001e770000 JavaThread "Attach Listener" daemon [_thread_blocked, id=53156, stack(0x000000001ece0000,0x000000001ede0000)]
  0x000000001e76f000 JavaThread "Signal Dispatcher" daemon [_thread_blocked, id=53136, stack(0x000000001ebe0000,0x000000001ece0000)]
  0x000000001c803000 JavaThread "Finalizer" daemon [_thread_blocked, id=53132, stack(0x000000001eae0000,0x000000001ebe0000)]
  0x0000000002d89000 JavaThread "Reference Handler" daemon [_thread_blocked, id=53128, stack(0x000000001e5e0000,0x000000001e6e0000)]
  0x0000000002c92800 JavaThread "main" [_thread_blocked, id=48072, stack(0x0000000002b90000,0x0000000002c90000)]

Other Threads:
  0x000000001c7f9000 VMThread [stack: 0x000000001e4e0000,0x000000001e5e0000] [id=53104]
  0x000000001e823800 WatcherThread [stack: 0x000000001f2e0000,0x000000001f3e0000] [id=45792]

VM state:not at safepoint (normal execution)

VM Mutex/Monitor currently owned by a thread: None

Heap:
 PSYoungGen      total 76288K, used 39506K [0x000000076b100000, 0x0000000770600000, 0x00000007c0000000)
  eden space 65536K, 60% used [0x000000076b100000,0x000000076d794960,0x000000076f100000)
  from space 10752K, 0% used [0x000000076fb80000,0x000000076fb80000,0x0000000770600000)
  to   space 10752K, 0% used [0x000000076f100000,0x000000076f100000,0x000000076fb80000)
 ParOldGen       total 175104K, used 0K [0x00000006c1200000, 0x00000006cbd00000, 0x000000076b100000)
  object space 175104K, 0% used [0x00000006c1200000,0x00000006c1200000,0x00000006cbd00000)
 Metaspace       used 10655K, capacity 10986K, committed 11136K, reserved 1058816K
  class space    used 1251K, capacity 1329K, committed 1408K, reserved 1048576K

Card table byte_map: [0x0000000012150000,0x0000000012950000] byte_map_base: 0x000000000eb47000

Marking Bits: (ParMarkBitMap*) 0x0000000077460860
 Begin Bits: [0x00000000136a0000, 0x0000000017658000)
 End Bits:   [0x0000000017658000, 0x000000001b610000)

Polling page: 0x0000000000fc0000

CodeCache: size=245760Kb used=3776Kb max_used=3790Kb free=241983Kb
 bounds [0x0000000002d90000, 0x0000000003150000, 0x0000000011d90000]
 total_blobs=1401 nmethods=1047 adapters=267
 compilation: enabled

Compilation events (10 events):
Event: 26.013 Thread 0x000000001e778000 1090       4       com.sun.btrace.org.objectweb.asm.ClassReader::readUnsignedShort (26 bytes)
Event: 26.013 Thread 0x000000001e778000 nmethod 1090 0x000000000313b850 code [0x000000000313b980, 0x000000000313ba58]
Event: 26.013 Thread 0x000000001e778000 1091   !   4       java.util.regex.Pattern::matcher (44 bytes)
Event: 26.013 Thread 0x000000001e783000 nmethod 1086 0x000000000313f6d0 code [0x000000000313fac0, 0x0000000003142568]
Event: 26.013 Thread 0x000000001e783000 1087       3       com.sun.btrace.org.objectweb.asm.Item::a (143 bytes)
Event: 26.014 Thread 0x000000001e783000 nmethod 1087 0x000000000313a090 code [0x000000000313a240, 0x000000000313a8f8]
Event: 26.014 Thread 0x000000001e783000 1088       3       com.sun.btrace.org.objectweb.asm.ClassReader::readUTF8 (60 bytes)
Event: 26.014 Thread 0x000000001e783000 nmethod 1088 0x000000000313dbd0 code [0x000000000313dd80, 0x000000000313e428]
Event: 26.014 Thread 0x000000001e783000 1089       3       com.sun.btrace.org.objectweb.asm.Item::<init> (10 bytes)
Event: 26.014 Thread 0x000000001e783000 nmethod 1089 0x0000000003134550 code [0x00000000031346a0, 0x0000000003134850]

GC Heap History (0 events):
No events

Deoptimization events (10 events):
Event: 15.265 Thread 0x000000001f9fd800 Uncommon trap: reason=class_check action=maybe_recompile pc=0x0000000003022aac method=java.io.ObjectOutputStream$BlockDataOutputStream.drain()V @ 36
Event: 15.308 Thread 0x000000001f9fd800 Uncommon trap: reason=class_check action=maybe_recompile pc=0x0000000003022aac method=java.io.ObjectOutputStream$BlockDataOutputStream.drain()V @ 36
Event: 15.308 Thread 0x000000001f9fd800 Uncommon trap: reason=class_check action=maybe_recompile pc=0x0000000003022aac method=java.io.ObjectOutputStream$BlockDataOutputStream.drain()V @ 36
Event: 15.321 Thread 0x000000001e784800 Uncommon trap: reason=class_check action=maybe_recompile pc=0x0000000003022aac method=java.io.ObjectOutputStream$BlockDataOutputStream.drain()V @ 36
Event: 15.708 Thread 0x000000001f6b9800 Uncommon trap: reason=unstable_if action=reinterpret pc=0x0000000003064320 method=java.io.BufferedOutputStream.write([BII)V @ 35
Event: 18.927 Thread 0x000000001e784800 Uncommon trap: reason=unstable_if action=reinterpret pc=0x000000000305b19c method=java.util.concurrent.atomic.AtomicBoolean.get()Z @ 4
Event: 25.988 Thread 0x000000001e784800 Uncommon trap: reason=unstable_if action=reinterpret pc=0x000000000308dc00 method=java.io.ObjectOutputStream.writeObject0(Ljava/lang/Object;Z)V @ 235
Event: 25.992 Thread 0x000000001e781800 Uncommon trap: reason=unstable_if action=reinterpret pc=0x0000000003107a74 method=java.util.regex.Pattern$Slice.match(Ljava/util/regex/Matcher;ILjava/lang/CharSequence;)Z @ 54
Event: 26.002 Thread 0x000000001e781800 Uncommon trap: reason=unstable_if action=reinterpret pc=0x00000000030c9290 method=java.util.concurrent.ConcurrentHashMap.get(Ljava/lang/Object;)Ljava/lang/Object; @ 138
Event: 26.003 Thread 0x000000001e781800 Uncommon trap: reason=predicate action=maybe_recompile pc=0x0000000003119134 method=java.util.regex.Pattern$Slice.match(Ljava/util/regex/Matcher;ILjava/lang/CharSequence;)Z @ 21

Classes redefined (0 events):
No events

Internal exceptions (10 events):
Event: 12.688 Thread 0x000000001f6b9800 Exception <a 'java/lang/NoSuchMethodError': <clinit>> (0x000000076baf8438) thrown at [C:\re\workspace\8-2-build-windows-amd64-cygwin\jdk8u162\10278\hotspot\src\share\vm\prims\jni.cpp, line 1613]
Event: 12.693 Thread 0x000000001f6b9800 Exception <a 'java/lang/NoSuchMethodError': <clinit>> (0x000000076bb07df0) thrown at [C:\re\workspace\8-2-build-windows-amd64-cygwin\jdk8u162\10278\hotspot\src\share\vm\prims\jni.cpp, line 1613]
Event: 12.694 Thread 0x000000001f6b9800 Exception <a 'java/lang/NoSuchMethodError': <clinit>> (0x000000076bb16538) thrown at [C:\re\workspace\8-2-build-windows-amd64-cygwin\jdk8u162\10278\hotspot\src\share\vm\prims\jni.cpp, line 1613]
Event: 12.694 Thread 0x000000001f6b9800 Exception <a 'java/lang/NoSuchMethodError': <clinit>> (0x000000076bb16f00) thrown at [C:\re\workspace\8-2-build-windows-amd64-cygwin\jdk8u162\10278\hotspot\src\share\vm\prims\jni.cpp, line 1613]
Event: 12.695 Thread 0x000000001f6b9800 Exception <a 'java/lang/NoSuchMethodError': <clinit>> (0x000000076bb23c80) thrown at [C:\re\workspace\8-2-build-windows-amd64-cygwin\jdk8u162\10278\hotspot\src\share\vm\prims\jni.cpp, line 1613]
Event: 12.695 Thread 0x000000001f6b9800 Exception <a 'java/lang/NoSuchMethodError': <clinit>> (0x000000076bb248c8) thrown at [C:\re\workspace\8-2-build-windows-amd64-cygwin\jdk8u162\10278\hotspot\src\share\vm\prims\jni.cpp, line 1613]
Event: 12.696 Thread 0x000000001f6b9800 Exception <a 'java/lang/NoSuchMethodError': <clinit>> (0x000000076bb254e0) thrown at [C:\re\workspace\8-2-build-windows-amd64-cygwin\jdk8u162\10278\hotspot\src\share\vm\prims\jni.cpp, line 1613]
Event: 12.754 Thread 0x000000001f6b9800 Exception <a 'java/lang/NoSuchMethodError': <clinit>> (0x000000076be30bc8) thrown at [C:\re\workspace\8-2-build-windows-amd64-cygwin\jdk8u162\10278\hotspot\src\share\vm\prims\jni.cpp, line 1613]
Event: 12.756 Thread 0x000000001f6b9800 Exception <a 'java/lang/NoSuchMethodError': <clinit>> (0x000000076be38ca0) thrown at [C:\re\workspace\8-2-build-windows-amd64-cygwin\jdk8u162\10278\hotspot\src\share\vm\prims\jni.cpp, line 1613]
Event: 12.791 Thread 0x000000001f6b9800 Exception <a 'java/lang/NoSuchMethodError': <clinit>> (0x000000076be5a390) thrown at [C:\re\workspace\8-2-build-windows-amd64-cygwin\jdk8u162\10278\hotspot\src\share\vm\prims\jni.cpp, line 1613]

Events (10 events):
Event: 26.002 loading class java/lang/Deprecated
Event: 26.002 loading class java/lang/Deprecated done
Event: 26.002 Thread 0x000000001e781800 Uncommon trap: trap_request=0xffffff65 fr.pc=0x00000000030c9290
Event: 26.002 Thread 0x000000001e781800 DEOPT PACKING pc=0x00000000030c9290 sp=0x0000000021bdd730
Event: 26.002 Thread 0x000000001e781800 DEOPT UNPACKING pc=0x0000000002dd583b sp=0x0000000021bdd6a8 mode 2
Event: 26.003 Thread 0x000000001e781800 Uncommon trap: trap_request=0xffffff86 fr.pc=0x0000000003119134
Event: 26.003 Thread 0x000000001e781800 DEOPT PACKING pc=0x0000000003119134 sp=0x0000000021bdbb60
Event: 26.003 Thread 0x000000001e781800 DEOPT UNPACKING pc=0x0000000002dd583b sp=0x0000000021bdbb08 mode 2
Event: 26.011 loading class sun/misc/Contended
Event: 26.011 loading class sun/misc/Contended done


Dynamic libraries:
0x00007ff674390000 - 0x00007ff6743c7000 	E:\Java\jdk1.8.0_162\bin\javaw.exe
0x00007ffc9e9f0000 - 0x00007ffc9ebc1000 	C:\Windows\SYSTEM32\ntdll.dll
0x00007ffc9d510000 - 0x00007ffc9d5bb000 	C:\Windows\System32\KERNEL32.DLL
0x00007ffc9b7a0000 - 0x00007ffc9b9bd000 	C:\Windows\System32\KERNELBASE.dll
0x00007ffc9bdc0000 - 0x00007ffc9be62000 	C:\Windows\System32\ADVAPI32.dll
0x00007ffc9e110000 - 0x00007ffc9e1ae000 	C:\Windows\System32\msvcrt.dll
0x00007ffc9be70000 - 0x00007ffc9bec9000 	C:\Windows\System32\sechost.dll
0x00007ffc9e8c0000 - 0x00007ffc9e9e1000 	C:\Windows\System32\RPCRT4.dll
0x00007ffc9e750000 - 0x00007ffc9e8b5000 	C:\Windows\System32\USER32.dll
0x00007ffc9b780000 - 0x00007ffc9b79e000 	C:\Windows\System32\win32u.dll
0x00007ffc9de90000 - 0x00007ffc9dec4000 	C:\Windows\System32\GDI32.dll
0x00007ffc9ae20000 - 0x00007ffc9afa2000 	C:\Windows\System32\gdi32full.dll
0x00007ffc8ffd0000 - 0x00007ffc90249000 	C:\Windows\WinSxS\amd64_microsoft.windows.common-controls_6595b64144ccf1df_6.0.14393.447_none_42191651c6827bb3\COMCTL32.dll
0x00007ffc9d9f0000 - 0x00007ffc9dcb8000 	C:\Windows\System32\combase.dll
0x00007ffc9baf0000 - 0x00007ffc9bbe5000 	C:\Windows\System32\ucrtbase.dll
0x00007ffc9ada0000 - 0x00007ffc9ae0a000 	C:\Windows\System32\bcryptPrimitives.dll
0x00007ffc9d9c0000 - 0x00007ffc9d9ee000 	C:\Windows\System32\IMM32.DLL
0x00000000502f0000 - 0x00000000503c1000 	E:\Java\jdk1.8.0_162\jre\bin\msvcr100.dll
0x0000000076c40000 - 0x00000000774e0000 	E:\Java\jdk1.8.0_162\jre\bin\server\jvm.dll
0x00007ffc9b9c0000 - 0x00007ffc9b9e3000 	C:\Windows\System32\WINMM.dll
0x00007ffc9ac50000 - 0x00007ffc9ac7b000 	C:\Windows\System32\WINMMBASE.dll
0x00007ffc9baa0000 - 0x00007ffc9bae2000 	C:\Windows\System32\cfgmgr32.dll
0x00007ffc9bed0000 - 0x00007ffc9bed8000 	C:\Windows\System32\PSAPI.DLL
0x00007ffc8b8f0000 - 0x00007ffc8b8f9000 	C:\Windows\SYSTEM32\WSOCK32.dll
0x00007ffc972d0000 - 0x00007ffc972da000 	C:\Windows\SYSTEM32\VERSION.dll
0x00007ffc9e6e0000 - 0x00007ffc9e74a000 	C:\Windows\System32\WS2_32.dll
0x0000000052250000 - 0x000000005225f000 	E:\Java\jdk1.8.0_162\jre\bin\verify.dll
0x0000000076c10000 - 0x0000000076c39000 	E:\Java\jdk1.8.0_162\jre\bin\java.dll
0x0000000076bf0000 - 0x0000000076c06000 	E:\Java\jdk1.8.0_162\jre\bin\zip.dll
0x00007ffc9bf40000 - 0x00007ffc9d449000 	C:\Windows\System32\SHELL32.dll
0x00007ffc9b0a0000 - 0x00007ffc9b77a000 	C:\Windows\System32\windows.storage.dll
0x00007ffc9b050000 - 0x00007ffc9b09c000 	C:\Windows\System32\powrprof.dll
0x00007ffc9d720000 - 0x00007ffc9d772000 	C:\Windows\System32\shlwapi.dll
0x00007ffc9ac20000 - 0x00007ffc9ac2f000 	C:\Windows\System32\kernel.appcore.dll
0x00007ffc9b9f0000 - 0x00007ffc9ba99000 	C:\Windows\System32\shcore.dll
0x00007ffc9ac30000 - 0x00007ffc9ac44000 	C:\Windows\System32\profapi.dll
0x0000000076bd0000 - 0x0000000076bea000 	E:\Java\jdk1.8.0_162\jre\bin\net.dll
0x00007ffc9a4c0000 - 0x00007ffc9a51c000 	C:\Windows\system32\mswsock.dll
0x00007ffc9a290000 - 0x00007ffc9a330000 	C:\Windows\SYSTEM32\DNSAPI.dll
0x00007ffc9d710000 - 0x00007ffc9d718000 	C:\Windows\System32\NSI.dll
0x00007ffc9a250000 - 0x00007ffc9a288000 	C:\Windows\SYSTEM32\IPHLPAPI.DLL
0x00007ffc91290000 - 0x00007ffc9129a000 	C:\Windows\System32\rasadhlp.dll
0x00007ffc933e0000 - 0x00007ffc9344a000 	C:\Windows\System32\fwpuclnt.dll
0x00007ffc9ab60000 - 0x00007ffc9ab8b000 	C:\Windows\SYSTEM32\bcrypt.dll
0x0000000050000000 - 0x000000005000d000 	E:\Java\jdk1.8.0_162\jre\bin\management.dll
0x0000000076bb0000 - 0x0000000076bc1000 	E:\Java\jdk1.8.0_162\jre\bin\nio.dll
0x00007ffc9a670000 - 0x00007ffc9a687000 	C:\Windows\SYSTEM32\CRYPTSP.dll
0x00007ffc9a0d0000 - 0x00007ffc9a103000 	C:\Windows\system32\rsaenh.dll
0x00007ffc9a340000 - 0x00007ffc9a35f000 	C:\Windows\SYSTEM32\USERENV.dll
0x00007ffc9a660000 - 0x00007ffc9a66b000 	C:\Windows\SYSTEM32\CRYPTBASE.dll
0x00007ffc96450000 - 0x00007ffc96466000 	C:\Windows\SYSTEM32\dhcpcsvc6.DLL
0x00007ffc96430000 - 0x00007ffc9644a000 	C:\Windows\SYSTEM32\dhcpcsvc.DLL
0x00007ffc8d0f0000 - 0x00007ffc8d106000 	C:\Windows\system32\napinsp.dll
0x00007ffc8d040000 - 0x00007ffc8d05a000 	C:\Windows\system32\pnrpnsp.dll
0x00007ffc98690000 - 0x00007ffc986a8000 	C:\Windows\system32\NLAapi.dll
0x00007ffc8c030000 - 0x00007ffc8c03e000 	C:\Windows\System32\winrnr.dll
0x00007ffc974d0000 - 0x00007ffc974e5000 	C:\Windows\System32\wshbth.dll
0x0000000050070000 - 0x0000000050093000 	E:\Java\jdk1.8.0_162\jre\bin\instrument.dll
0x00007ffc8acf0000 - 0x00007ffc8ae82000 	C:\Windows\SYSTEM32\dbghelp.dll

VM Arguments:
jvm_args: -Dfile.encoding=UTF-8 
java_command: leiyuxin.performance.h6.BTraceTest
java_class_path (initial): E:\Java\jdk1.8.0_162\jre\lib\resources.jar;E:\Java\jdk1.8.0_162\jre\lib\rt.jar;E:\Java\jdk1.8.0_162\jre\lib\jsse.jar;E:\Java\jdk1.8.0_162\jre\lib\jce.jar;E:\Java\jdk1.8.0_162\jre\lib\charsets.jar;E:\Java\jdk1.8.0_162\jre\lib\jfr.jar;E:\Java\jdk1.8.0_162\jre\lib\ext\access-bridge-64.jar;E:\Java\jdk1.8.0_162\jre\lib\ext\cldrdata.jar;E:\Java\jdk1.8.0_162\jre\lib\ext\dnsns.jar;E:\Java\jdk1.8.0_162\jre\lib\ext\jaccess.jar;E:\Java\jdk1.8.0_162\jre\lib\ext\jfxrt.jar;E:\Java\jdk1.8.0_162\jre\lib\ext\localedata.jar;E:\Java\jdk1.8.0_162\jre\lib\ext\nashorn.jar;E:\Java\jdk1.8.0_162\jre\lib\ext\sunec.jar;E:\Java\jdk1.8.0_162\jre\lib\ext\sunjce_provider.jar;E:\Java\jdk1.8.0_162\jre\lib\ext\sunmscapi.jar;E:\Java\jdk1.8.0_162\jre\lib\ext\sunpkcs11.jar;E:\Java\jdk1.8.0_162\jre\lib\ext\zipfs.jar;E:\3.92workspace\performance\target\classes;E:\3.92workspace\amino-java-src-1.0\target\classes;E:\disruptor\bin;E:\mavenRepo\org\slf4j\slf4j-api\1.7.21\slf4j-api-1.7.21.jar;E:\mavenRepo\org\slf4j\slf4j-log4j12\1.7.21\slf4j-log4j12-1.7.21.jar;E:\mavenRepo\log4j\log4j\1.2.17\log4j-1.2.17.jar;E:\mavenRepo\cglib\cglib-nodep\3.2.6\cglib-nodep-3.2.6.jar;E:\mavenRepo\org\javassist\javassist\3.22.0-GA\javassist-3.22.0-GA.jar;E:\mavenRepo\org\hibernate\hibernate-core\5.2.13.Final\hibernate-core-5.2.13.Final.jar;E:\mavenRepo\org\jboss\logging\jboss-logging\3.3.1.Final\jboss-logging-3.3.1.Final.jar;E:\mavenRepo\org\hibernate\javax\persistence\hibernate-jpa-2.1-api\1.0.0.Final\hibernate-jpa-2.1-api-1.0.0.Final.jar;E:\mavenRepo\antlr\antlr\2.7.7\antlr-2.7.7.jar;E:\mavenRepo\org\jboss\spec\javax\transaction\jboss-transaction-api_1.2_spec\1.0.1.Final\jboss-transaction-api_1.2_spec-1.0.1.Final.jar;E:\mavenRepo\org\jboss\jandex\2.0.3.Final\jandex-2.0.3.Final.jar;E:\mavenRepo\com\fasterxml\classmate\1.3.0\classmate-1.3.0.jar;E:\mavenRepo\dom4j\dom4j\1.6.1\dom4j-1.6.1.jar;E:\mavenRepo\org\hibernate\common\hibernate-commons-annotations\5.0.1.Final\hibernate-commons-annotations-5.0.1
Launcher Type: SUN_STANDARD

Environment Variables:
JAVA_HOME=E:\Java\jdk1.8.0_162
CLASSPATH=.;E:\Java\jdk1.8.0_162\lib;E:\Java\jdk1.8.0_162\lib\tools.jar
PATH=E:/Java/jdk1.8.0_162/bin/../jre/bin/server;E:/Java/jdk1.8.0_162/bin/../jre/bin;E:/Java/jdk1.8.0_162/bin/../jre/lib/amd64;C:\Python27\;C:\Python27\Scripts;E:\Java\jdk1.8.0_162\bin;C:\ProgramData\Oracle\Java\javapath;C:\Windows\system32;C:\Windows;C:\Windows\System32\Wbem;C:\Windows\System32\WindowsPowerShell\v1.0\;C:\Program Files (x86)\NVIDIA Corporation\PhysX\Common;E:\mongodb_enterprise\bin;E:\apache-maven-3.3.9\bin;E:\nodejs\node_global;D:\OpenVPN\bin;E:\MongoDB3.4.6\MongoDB\Server\3.4\bin;C:\WINDOWS\system32;E:\node\;E:\Git\cmd;E:\TortoiseSVN\bin;D:\Gpg4win\..\GnuPG\bin;E:\mysql-5.7.21-winx64\bin;E:\gradle-4.5.1\bin;J:\nexus-3.8.0-02-win64\nexus-3.8.0-02\bin;C:\Users\lyx\AppData\Local\Microsoft\WindowsApps;C:\Users\lyx\AppData\Roaming\npm;D:\Microsoft VS Code\bin;D:\Fiddler;D:\Nmap;E:\spring-tool-suite-3.9.2.RELEASE-e4.7.2-win32-x86_64\sts-bundle\sts-3.9.2.RELEASE;
USERNAME=lyx
OS=Windows_NT
PROCESSOR_IDENTIFIER=Intel64 Family 6 Model 94 Stepping 3, GenuineIntel



---------------  S Y S T E M  ---------------

OS: Windows 10.0 , 64 bit Build 14393 (10.0.14393.0)

CPU:total 8 (initial active 8) (4 cores per cpu, 2 threads per core) family 6 model 94 stepping 3, cmov, cx8, fxsr, mmx, sse, sse2, sse3, ssse3, sse4.1, sse4.2, popcnt, avx, avx2, aes, clmul, erms, rtm, 3dnowpref, lzcnt, ht, tsc, tscinvbit, bmi1, bmi2, adx

Memory: 4k page, physical 16699036k(8895832k free), swap 17747612k(6067328k free)

vm_info: Java HotSpot(TM) 64-Bit Server VM (25.162-b12) for windows-amd64 JRE (1.8.0_162-b12), built on Dec 19 2017 20:00:03 by "java_re" with MS VC++ 10.0 (VS2010)

time: Fri Mar 02 19:37:17 2018
elapsed time: 26 seconds (0d 0h 0m 26s)

